2013-03-09 14:42:46,829 DEBUG unfollow 2885456333 state 1 2013-03-09 14:20:49
2013-03-09 14:42:46,829 DEBUG Traceback (most recent call last):
  File "./CheckFollow.py", line 36, in <module>
    followResult[op.srcUid][0] += 1
TypeError: 'tuple' object does not support item assignment

2013-03-09 14:43:12,429 DEBUG unfollow 2885456333 state 1 2013-03-09 14:20:49
2013-03-09 14:43:12,429 DEBUG Traceback (most recent call last):
  File "./CheckFollow.py", line 36, in <module>
    followResult[op.srcUid][0] += 1
TypeError: 'tuple' object does not support item assignment

2013-03-09 14:43:13,430 DEBUG unfollow 2312122537 state 1 2013-03-09 14:33:01
2013-03-09 14:43:13,431 DEBUG Traceback (most recent call last):
  File "./CheckFollow.py", line 36, in <module>
    followResult[op.srcUid][0] += 1
TypeError: 'tuple' object does not support item assignment

2013-03-09 14:43:14,432 DEBUG unfollow 1758201275 state 1 2013-03-09 14:42:02
2013-03-09 14:43:14,432 DEBUG Traceback (most recent call last):
  File "./CheckFollow.py", line 36, in <module>
    followResult[op.srcUid][0] += 1
TypeError: 'tuple' object does not support item assignment

2013-03-09 14:43:50,844 DEBUG unfollow 2885456333 state 1 2013-03-09 14:20:49
2013-03-09 14:43:50,844 DEBUG Traceback (most recent call last):
  File "./CheckFollow.py", line 36, in <module>
    followResult[op.srcUid][0] += 1
TypeError: 'tuple' object does not support item assignment

2013-03-09 14:43:51,845 DEBUG unfollow 2312122537 state 1 2013-03-09 14:33:01
2013-03-09 14:43:51,845 DEBUG Traceback (most recent call last):
  File "./CheckFollow.py", line 36, in <module>
    followResult[op.srcUid][0] += 1
TypeError: 'tuple' object does not support item assignment

2013-03-09 14:43:52,846 DEBUG unfollow 1758201275 state 1 2013-03-09 14:42:02
2013-03-09 14:43:52,846 DEBUG Traceback (most recent call last):
  File "./CheckFollow.py", line 36, in <module>
    followResult[op.srcUid][0] += 1
TypeError: 'tuple' object does not support item assignment

2013-03-09 14:44:41,547 DEBUG unfollow 2885456333 state 1 2013-03-09 14:20:49
2013-03-09 14:44:41,548 DEBUG Traceback (most recent call last):
  File "./CheckFollow.py", line 36, in <module>
    followResult[op.srcUid][0] += 1
TypeError: 'tuple' object does not support item assignment

2013-03-09 14:44:42,548 DEBUG unfollow 2312122537 state 1 2013-03-09 14:33:01
2013-03-09 14:44:42,548 DEBUG Traceback (most recent call last):
  File "./CheckFollow.py", line 36, in <module>
    followResult[op.srcUid][0] += 1
TypeError: 'tuple' object does not support item assignment

2013-03-09 14:44:43,549 DEBUG unfollow 1758201275 state 1 2013-03-09 14:42:02
2013-03-09 14:44:43,550 DEBUG Traceback (most recent call last):
  File "./CheckFollow.py", line 36, in <module>
    followResult[op.srcUid][0] += 1
TypeError: 'tuple' object does not support item assignment

2013-03-09 14:45:21,456 DEBUG unfollow 2885456333 state 1 2013-03-09 14:20:49
2013-03-09 14:45:21,456 DEBUG Traceback (most recent call last):
  File "./CheckFollow.py", line 36, in <module>
    followResult[op.srcUid][0] += 1
TypeError: 'tuple' object does not support item assignment

2013-03-09 14:45:22,457 DEBUG unfollow 2312122537 state 1 2013-03-09 14:33:01
2013-03-09 14:45:22,457 DEBUG Traceback (most recent call last):
  File "./CheckFollow.py", line 36, in <module>
    followResult[op.srcUid][0] += 1
TypeError: 'tuple' object does not support item assignment

2013-03-09 14:45:23,458 DEBUG unfollow 1758201275 state 1 2013-03-09 14:42:02
2013-03-09 14:45:23,458 DEBUG Traceback (most recent call last):
  File "./CheckFollow.py", line 36, in <module>
    followResult[op.srcUid][0] += 1
TypeError: 'tuple' object does not support item assignment

2013-03-09 14:46:33,153 DEBUG unfollow 2885456333 state 1 2013-03-09 14:20:49
2013-03-09 14:46:33,192 DEBUG 2885456333 not follow
2013-03-09 14:46:34,193 DEBUG unfollow 2312122537 state 1 2013-03-09 14:33:01
2013-03-09 14:46:34,228 DEBUG 2312122537 not follow
2013-03-09 14:46:35,229 DEBUG unfollow 1758201275 state 1 2013-03-09 14:42:02
2013-03-09 14:46:35,263 DEBUG 1758201275 not follow
2013-03-09 14:58:51,951 DEBUG unfollow 2885456333 state 1 2013-03-09 14:20:49
2013-03-09 14:58:51,986 DEBUG 2885456333 not follow
2013-03-09 14:58:52,987 DEBUG unfollow 2312122537 state 1 2013-03-09 14:33:01
2013-03-09 14:58:53,025 DEBUG 2312122537 not follow
2013-03-09 14:58:54,026 DEBUG unfollow 1758201275 state 1 2013-03-09 14:42:02
2013-03-09 14:58:54,060 DEBUG 1758201275 not follow
2013-03-09 14:58:55,061 DEBUG unfollow 3217157862 state 1 2013-03-09 14:56:01
2013-03-09 14:58:55,095 DEBUG 3217157862 not follow
2013-03-09 14:59:37,036 DEBUG unfollow 2885456333 state 1 2013-03-09 14:20:49
2013-03-09 14:59:37,074 DEBUG 2885456333 not follow
2013-03-09 14:59:38,075 DEBUG unfollow 2312122537 state 1 2013-03-09 14:33:01
2013-03-09 14:59:38,110 DEBUG 2312122537 not follow
2013-03-09 14:59:39,111 DEBUG unfollow 1758201275 state 1 2013-03-09 14:42:02
2013-03-09 14:59:39,144 DEBUG 1758201275 not follow
2013-03-09 14:59:40,146 DEBUG unfollow 3217157862 state 1 2013-03-09 14:56:01
2013-03-09 14:59:40,253 DEBUG 3217157862 not follow
2013-03-09 14:59:41,254 DEBUG unfollow 3282883667 state 1 2013-03-09 14:59:02
2013-03-09 14:59:41,290 DEBUG 3282883667 not follow
2013-03-09 15:06:25,910 DEBUG unfollow 2885456333 state 1 2013-03-09 14:20:49
2013-03-09 15:06:25,945 DEBUG 2885456333 not follow
2013-03-09 15:06:26,946 DEBUG unfollow 2312122537 state 1 2013-03-09 14:33:01
2013-03-09 15:06:26,981 DEBUG 2312122537 not follow
2013-03-09 15:06:27,982 DEBUG unfollow 1758201275 state 1 2013-03-09 14:42:02
2013-03-09 15:06:28,021 DEBUG 1758201275 not follow
2013-03-09 15:06:29,022 DEBUG unfollow 3217157862 state 1 2013-03-09 14:56:01
2013-03-09 15:06:29,056 DEBUG 3217157862 not follow
2013-03-09 15:06:30,058 DEBUG unfollow 3282883667 state 1 2013-03-09 14:59:02
2013-03-09 15:06:30,091 DEBUG 3282883667 follow us
2013-03-09 15:07:39,332 DEBUG unfollow 2885456333 state 1 2013-03-09 14:20:49
2013-03-09 15:07:39,369 DEBUG 2885456333 not follow
2013-03-09 15:07:40,370 DEBUG unfollow 2312122537 state 1 2013-03-09 14:33:01
2013-03-09 15:07:40,407 DEBUG 2312122537 not follow
2013-03-09 15:07:41,408 DEBUG unfollow 1758201275 state 1 2013-03-09 14:42:02
2013-03-09 15:07:41,443 DEBUG 1758201275 not follow
2013-03-09 15:07:42,444 DEBUG unfollow 3217157862 state 1 2013-03-09 14:56:01
2013-03-09 15:07:42,480 DEBUG 3217157862 not follow
2013-03-09 15:07:43,481 DEBUG unfollow 3282883667 state 1 2013-03-09 14:59:02
2013-03-09 15:07:43,517 DEBUG 3282883667 follow us
2013-03-09 15:08:03,919 DEBUG unfollow 2885456333 state 1 2013-03-09 14:20:49
2013-03-09 15:08:03,955 DEBUG 2885456333 not follow
2013-03-09 15:08:04,957 DEBUG unfollow 2312122537 state 1 2013-03-09 14:33:01
2013-03-09 15:08:04,994 DEBUG 2312122537 not follow
2013-03-09 15:08:05,995 DEBUG unfollow 1758201275 state 1 2013-03-09 14:42:02
2013-03-09 15:08:06,033 DEBUG 1758201275 not follow
2013-03-09 15:08:07,034 DEBUG unfollow 3217157862 state 1 2013-03-09 14:56:01
2013-03-09 15:08:07,071 DEBUG 3217157862 not follow
2013-03-09 15:08:08,072 DEBUG unfollow 3282883667 state 1 2013-03-09 14:59:02
2013-03-09 15:08:08,107 DEBUG 3282883667 follow us
2013-03-09 15:11:06,636 DEBUG unfollow 2885456333 state 1 2013-03-09 14:20:49
2013-03-09 15:11:06,672 DEBUG 2885456333 not follow
2013-03-09 15:11:07,674 DEBUG unfollow 2312122537 state 1 2013-03-09 14:33:01
2013-03-09 15:11:07,709 DEBUG 2312122537 not follow
2013-03-09 15:11:08,710 DEBUG unfollow 1758201275 state 1 2013-03-09 14:42:02
2013-03-09 15:11:08,743 DEBUG 1758201275 not follow
2013-03-09 15:11:09,744 DEBUG unfollow 3217157862 state 1 2013-03-09 14:56:01
2013-03-09 15:11:09,779 DEBUG 3217157862 not follow
2013-03-09 15:11:10,781 DEBUG unfollow 3282883667 state 1 2013-03-09 14:59:02
2013-03-09 15:11:10,818 DEBUG 3282883667 follow us
2013-03-09 15:11:11,820 DEBUG unfollow 2295272072 state 1 2013-03-09 15:10:01
2013-03-09 15:11:11,852 DEBUG 2295272072 not follow
2013-03-09 15:13:08,809 DEBUG unfollow 2885456333 state 1 2013-03-09 14:20:49
2013-03-09 15:13:08,848 DEBUG 2885456333 not follow
2013-03-09 15:13:09,849 DEBUG unfollow 2312122537 state 1 2013-03-09 14:33:01
2013-03-09 15:13:09,882 DEBUG 2312122537 not follow
2013-03-09 15:13:10,884 DEBUG unfollow 1758201275 state 1 2013-03-09 14:42:02
2013-03-09 15:13:10,920 DEBUG 1758201275 not follow
2013-03-09 15:13:11,921 DEBUG unfollow 3217157862 state 1 2013-03-09 14:56:01
2013-03-09 15:13:11,956 DEBUG 3217157862 not follow
2013-03-09 15:13:12,957 DEBUG unfollow 3282883667 state 1 2013-03-09 14:59:02
2013-03-09 15:13:12,989 DEBUG 3282883667 follow us
2013-03-09 15:13:13,991 DEBUG unfollow 2295272072 state 1 2013-03-09 15:10:01
2013-03-09 15:13:14,028 DEBUG 2295272072 not follow
2013-03-09 15:13:50,489 DEBUG unfollow 2885456333 state 1 2013-03-09 14:20:49
2013-03-09 15:13:50,524 DEBUG 2885456333 not follow
2013-03-09 15:13:51,525 DEBUG unfollow 2312122537 state 1 2013-03-09 14:33:01
2013-03-09 15:13:51,562 DEBUG 2312122537 not follow
2013-03-09 15:14:24,262 DEBUG unfollow 2885456333 state 1 2013-03-09 14:20:49
2013-03-09 15:14:24,296 DEBUG 2885456333 not follow
2013-03-09 15:14:25,297 DEBUG unfollow 2312122537 state 1 2013-03-09 14:33:01
2013-03-09 15:14:25,330 DEBUG 2312122537 not follow
2013-03-09 15:14:26,331 DEBUG unfollow 1758201275 state 1 2013-03-09 14:42:02
2013-03-09 15:14:26,364 DEBUG 1758201275 not follow
2013-03-09 15:14:27,365 DEBUG unfollow 3217157862 state 1 2013-03-09 14:56:01
2013-03-09 15:14:27,400 DEBUG 3217157862 not follow
2013-03-09 15:14:28,401 DEBUG unfollow 3282883667 state 1 2013-03-09 14:59:02
2013-03-09 15:14:28,435 DEBUG 3282883667 follow us
2013-03-09 15:14:29,437 DEBUG unfollow 2295272072 state 1 2013-03-09 15:10:01
2013-03-09 15:14:29,469 DEBUG 2295272072 not follow
2013-03-09 15:18:47,814 DEBUG unfollow 2885456333 state 1 2013-03-09 14:20:49
2013-03-09 15:18:47,890 DEBUG 2885456333 not follow
2013-03-09 15:18:48,891 DEBUG unfollow 2312122537 state 1 2013-03-09 14:33:01
2013-03-09 15:18:48,929 DEBUG 2312122537 not follow
2013-03-09 15:18:49,929 DEBUG unfollow 1758201275 state 1 2013-03-09 14:42:02
2013-03-09 15:18:49,963 DEBUG 1758201275 not follow
2013-03-09 15:18:50,964 DEBUG unfollow 3217157862 state 1 2013-03-09 14:56:01
2013-03-09 15:18:51,000 DEBUG 3217157862 not follow
2013-03-09 15:18:52,001 DEBUG unfollow 3282883667 state 1 2013-03-09 14:59:02
2013-03-09 15:18:52,038 DEBUG 3282883667 follow us
2013-03-09 15:18:53,040 DEBUG unfollow 2295272072 state 1 2013-03-09 15:10:01
2013-03-09 15:18:53,076 DEBUG 2295272072 not follow
2013-03-09 15:19:58,384 DEBUG unfollow 2885456333 state 1 2013-03-09 14:20:49
2013-03-09 15:19:58,448 DEBUG 2885456333 not follow
2013-03-09 15:19:59,450 DEBUG unfollow 2312122537 state 1 2013-03-09 14:33:01
2013-03-09 15:19:59,486 DEBUG 2312122537 not follow
2013-03-09 15:20:00,487 DEBUG unfollow 1758201275 state 1 2013-03-09 14:42:02
2013-03-09 15:20:00,522 DEBUG 1758201275 not follow
2013-03-09 15:20:01,523 DEBUG unfollow 3217157862 state 1 2013-03-09 14:56:01
2013-03-09 15:20:01,560 DEBUG 3217157862 not follow
2013-03-09 15:20:02,562 DEBUG unfollow 3282883667 state 1 2013-03-09 14:59:02
2013-03-09 15:20:02,597 DEBUG 3282883667 follow us
2013-03-09 15:20:03,598 DEBUG unfollow 2295272072 state 1 2013-03-09 15:10:01
2013-03-09 15:20:03,630 DEBUG 2295272072 not follow
2013-03-09 15:20:24,097 DEBUG unfollow 2885456333 state 1 2013-03-09 14:20:49
2013-03-09 15:20:24,136 DEBUG 2885456333 not follow
2013-03-09 15:20:25,137 DEBUG unfollow 2312122537 state 1 2013-03-09 14:33:01
2013-03-09 15:20:25,174 DEBUG 2312122537 not follow
2013-03-09 15:20:26,175 DEBUG unfollow 1758201275 state 1 2013-03-09 14:42:02
2013-03-09 15:20:26,212 DEBUG 1758201275 not follow
2013-03-09 15:20:27,213 DEBUG unfollow 3217157862 state 1 2013-03-09 14:56:01
2013-03-09 15:20:27,250 DEBUG 3217157862 not follow
2013-03-09 15:20:28,251 DEBUG unfollow 3282883667 state 1 2013-03-09 14:59:02
2013-03-09 15:20:28,283 DEBUG 3282883667 follow us
2013-03-09 15:20:29,285 DEBUG unfollow 2295272072 state 1 2013-03-09 15:10:01
2013-03-09 15:20:29,319 DEBUG 2295272072 not follow
2013-03-09 15:22:42,243 DEBUG unfollow 2885456333 state 1 2013-03-09 14:20:49
2013-03-09 15:22:42,276 DEBUG 2885456333 not follow
2013-03-09 15:22:43,278 DEBUG unfollow 2312122537 state 1 2013-03-09 14:33:01
2013-03-09 15:22:43,309 DEBUG 2312122537 not follow
2013-03-09 15:22:44,311 DEBUG unfollow 1758201275 state 1 2013-03-09 14:42:02
2013-03-09 15:22:44,342 DEBUG 1758201275 not follow
2013-03-09 15:22:45,344 DEBUG unfollow 3217157862 state 1 2013-03-09 14:56:01
2013-03-09 15:22:45,379 DEBUG 3217157862 not follow
2013-03-09 15:22:46,381 DEBUG unfollow 3282883667 state 1 2013-03-09 14:59:02
2013-03-09 15:22:46,416 DEBUG 3282883667 follow us
2013-03-09 15:22:47,418 DEBUG unfollow 2295272072 state 1 2013-03-09 15:10:01
2013-03-09 15:22:47,453 DEBUG 2295272072 not follow
2013-03-09 15:29:02,758 DEBUG unfollow 2885456333 state 1 2013-03-09 14:20:49
2013-03-09 15:29:02,793 DEBUG 2885456333 not follow
2013-03-09 15:29:03,795 DEBUG unfollow 2312122537 state 1 2013-03-09 14:33:01
2013-03-09 15:29:03,828 DEBUG 2312122537 not follow
2013-03-09 15:29:04,829 DEBUG unfollow 1758201275 state 1 2013-03-09 14:42:02
2013-03-09 15:29:04,863 DEBUG 1758201275 not follow
2013-03-09 15:29:05,865 DEBUG unfollow 3217157862 state 1 2013-03-09 14:56:01
2013-03-09 15:29:05,900 DEBUG 3217157862 not follow
2013-03-09 15:29:06,901 DEBUG unfollow 3282883667 state 1 2013-03-09 14:59:02
2013-03-09 15:29:06,935 DEBUG 3282883667 follow us
2013-03-09 15:29:07,936 DEBUG unfollow 2295272072 state 1 2013-03-09 15:10:01
2013-03-09 15:29:07,970 DEBUG 2295272072 not follow
2013-03-09 15:29:08,971 DEBUG unfollow 1518890071 state 1 2013-03-09 15:27:02
2013-03-09 15:29:09,005 DEBUG 1518890071 not follow
