2013-02-25 06:54:02,122 DEBUG web followers 1133294 db followers 1133294
2013-02-25 06:54:02,123 DEBUG web followers 243484 db followers 243484
2013-02-25 06:54:02,123 DEBUG web followers 117163 db followers 117163
2013-02-25 06:55:01,417 DEBUG competitor len 10
2013-02-25 06:55:01,500 DEBUG web followers 49141 db followers 49141
2013-02-25 06:55:01,501 DEBUG web followers 2437654 db followers 2437394
2013-02-25 06:55:01,501 DEBUG 2349227985's followers increase 260
2013-02-25 06:55:01,608 DEBUG new to follow 3182247550
2013-02-25 06:55:01,609 DEBUG new to follow 1011818650
2013-02-25 06:55:01,610 DEBUG new to follow 1435621530
2013-02-25 06:55:01,611 DEBUG new to follow 3137139272
2013-02-25 06:55:01,611 DEBUG new to follow 3226134735
2013-02-25 06:55:01,612 DEBUG new to follow 3155466810
2013-02-25 06:55:01,613 DEBUG new to follow 2185342457
2013-02-25 06:55:01,614 DEBUG new to follow 1916697634
2013-02-25 06:55:01,615 DEBUG new to follow 1792057764
2013-02-25 06:55:01,615 DEBUG new to follow 3196333000
2013-02-25 06:55:01,616 DEBUG web followers 71944 db followers 71944
2013-02-25 06:55:01,616 DEBUG web followers 153005 db followers 153005
2013-02-25 06:55:01,616 DEBUG web followers 16014 db followers 16014
2013-02-25 06:55:01,616 DEBUG web followers 25643 db followers 25643
2013-02-25 06:55:01,616 DEBUG web followers 1044983 db followers 1044983
2013-02-25 06:55:01,617 DEBUG web followers 1133294 db followers 1133294
2013-02-25 06:55:01,617 DEBUG web followers 243484 db followers 243484
2013-02-25 06:55:01,617 DEBUG web followers 117163 db followers 117163
2013-02-25 06:56:01,918 DEBUG competitor len 10
2013-02-25 06:56:01,994 DEBUG web followers 49141 db followers 49141
2013-02-25 06:56:01,994 DEBUG web followers 2437933 db followers 2437654
2013-02-25 06:56:01,994 DEBUG 2349227985's followers increase 279
2013-02-25 06:56:02,096 DEBUG new to follow 2900986131
2013-02-25 06:56:02,097 DEBUG new to follow 2724637071
2013-02-25 06:56:02,097 DEBUG new to follow 3182881344
2013-02-25 06:56:02,098 DEBUG new to follow 3169529920
2013-02-25 06:56:02,099 DEBUG new to follow 2713455033
2013-02-25 06:56:02,100 DEBUG new to follow 3276954807
2013-02-25 06:56:02,101 DEBUG new to follow 1915876354
2013-02-25 06:56:02,101 DEBUG new to follow 2879691153
2013-02-25 06:56:02,102 DEBUG new to follow 1842972692
2013-02-25 06:56:02,103 DEBUG new to follow 1615465884
2013-02-25 06:56:02,104 DEBUG web followers 71944 db followers 71944
2013-02-25 06:56:02,104 DEBUG web followers 153005 db followers 153005
2013-02-25 06:56:02,104 DEBUG web followers 16014 db followers 16014
2013-02-25 06:56:02,104 DEBUG web followers 25643 db followers 25643
2013-02-25 06:56:02,104 DEBUG web followers 1044983 db followers 1044983
2013-02-25 06:56:02,104 DEBUG web followers 1133294 db followers 1133294
2013-02-25 06:56:02,104 DEBUG web followers 243484 db followers 243484
2013-02-25 06:56:02,104 DEBUG web followers 117163 db followers 117163
2013-03-09 14:20:49,504 DEBUG competitor len 1
2013-03-09 14:20:49,595 DEBUG web followers 49454 db followers 0
2013-03-09 14:20:49,595 DEBUG 2171037552's followers increase 49454
2013-03-09 14:20:49,635 DEBUG new to follow 2885456333
2013-03-09 14:25:01,692 DEBUG competitor len 1
2013-03-09 14:25:01,745 DEBUG web followers 49454 db followers 49454
2013-03-09 14:26:02,059 DEBUG competitor len 1
2013-03-09 14:26:02,137 DEBUG web followers 49454 db followers 49454
2013-03-09 14:27:01,471 DEBUG competitor len 1
2013-03-09 14:27:01,511 DEBUG web followers 49454 db followers 49454
2013-03-09 14:28:01,824 DEBUG competitor len 1
2013-03-09 14:28:01,870 DEBUG web followers 49454 db followers 49454
2013-03-09 14:29:02,186 DEBUG competitor len 1
2013-03-09 14:29:02,229 DEBUG web followers 49454 db followers 49454
2013-03-09 14:30:01,574 DEBUG competitor len 1
2013-03-09 14:30:01,617 DEBUG web followers 49454 db followers 49454
2013-03-09 14:31:01,926 DEBUG competitor len 1
2013-03-09 14:31:01,965 DEBUG web followers 49454 db followers 49454
2013-03-09 14:32:02,275 DEBUG competitor len 1
2013-03-09 14:32:02,357 DEBUG web followers 49454 db followers 49454
2013-03-09 14:33:01,683 DEBUG competitor len 1
2013-03-09 14:33:01,782 DEBUG web followers 49455 db followers 49454
2013-03-09 14:33:01,782 DEBUG 2171037552's followers increase 1
2013-03-09 14:33:01,819 DEBUG new to follow 2312122537
2013-03-09 14:34:01,293 DEBUG competitor len 1
2013-03-09 14:34:01,334 DEBUG web followers 49455 db followers 49455
2013-03-09 14:35:01,665 DEBUG competitor len 1
2013-03-09 14:35:01,725 DEBUG web followers 49455 db followers 49455
2013-03-09 14:36:02,031 DEBUG competitor len 1
2013-03-09 14:36:02,075 DEBUG web followers 49455 db followers 49455
2013-03-09 14:37:01,383 DEBUG competitor len 1
2013-03-09 14:37:01,443 DEBUG web followers 49455 db followers 49455
2013-03-09 14:38:01,750 DEBUG competitor len 1
2013-03-09 14:38:01,804 DEBUG web followers 49455 db followers 49455
2013-03-09 14:39:02,109 DEBUG competitor len 1
2013-03-09 14:39:02,153 DEBUG web followers 49455 db followers 49455
2013-03-09 14:40:01,492 DEBUG competitor len 1
2013-03-09 14:40:01,533 DEBUG web followers 49455 db followers 49455
2013-03-09 14:41:01,848 DEBUG competitor len 1
2013-03-09 14:41:01,965 DEBUG web followers 49455 db followers 49455
2013-03-09 14:42:02,277 DEBUG competitor len 1
2013-03-09 14:42:02,355 DEBUG web followers 49456 db followers 49455
2013-03-09 14:42:02,356 DEBUG 2171037552's followers increase 1
2013-03-09 14:42:02,394 DEBUG new to follow 1758201275
2013-03-09 14:43:01,897 DEBUG competitor len 1
2013-03-09 14:43:02,057 DEBUG web followers 49456 db followers 49456
2013-03-09 14:44:01,370 DEBUG competitor len 1
2013-03-09 14:44:01,412 DEBUG web followers 49456 db followers 49456
2013-03-09 14:45:01,730 DEBUG competitor len 1
2013-03-09 14:45:01,775 DEBUG web followers 49456 db followers 49456
2013-03-09 14:46:02,088 DEBUG competitor len 1
2013-03-09 14:46:02,128 DEBUG web followers 49456 db followers 49456
2013-03-09 14:47:01,459 DEBUG competitor len 1
2013-03-09 14:47:01,497 DEBUG web followers 49456 db followers 49456
2013-03-09 14:48:01,810 DEBUG competitor len 1
2013-03-09 14:48:01,889 DEBUG web followers 49456 db followers 49456
2013-03-09 14:49:02,200 DEBUG competitor len 1
2013-03-09 14:49:02,284 DEBUG web followers 49456 db followers 49456
2013-03-09 14:50:01,623 DEBUG competitor len 1
2013-03-09 14:50:01,701 DEBUG web followers 49455 db followers 49456
2013-03-09 14:51:02,012 DEBUG competitor len 1
2013-03-09 14:51:02,095 DEBUG web followers 49455 db followers 49455
2013-03-09 14:52:01,402 DEBUG competitor len 1
2013-03-09 14:52:01,455 DEBUG web followers 49455 db followers 49455
2013-03-09 14:53:01,783 DEBUG competitor len 1
2013-03-09 14:53:01,822 DEBUG web followers 49455 db followers 49455
2013-03-09 14:54:02,130 DEBUG competitor len 1
2013-03-09 14:54:02,198 DEBUG web followers 49455 db followers 49455
2013-03-09 14:55:01,509 DEBUG competitor len 1
2013-03-09 14:55:01,550 DEBUG web followers 49455 db followers 49455
2013-03-09 14:56:01,877 DEBUG competitor len 1
2013-03-09 14:56:01,923 DEBUG web followers 49456 db followers 49455
2013-03-09 14:56:01,923 DEBUG 2171037552's followers increase 1
2013-03-09 14:56:01,981 DEBUG new to follow 3217157862
2013-03-09 14:56:04,100 DEBUG competitor len 1
2013-03-09 14:56:04,101 DEBUG Traceback (most recent call last):
  File "./CheckCompetitor.py", line 32, in <module>
    com.FetchInfo(client)
  File "/home/app_bestgames/bestgames/src/com/thebridgestudio/FollowApi/Competitors/models.py", line 32, in FetchInfo
    infos = client.get.users__show(uid=self.uid)
NameError: global name 'self' is not defined

2013-03-09 14:56:58,506 DEBUG competitor len 1
2013-03-09 14:57:01,452 DEBUG competitor len 1
2013-03-09 14:57:01,494 DEBUG web followers 49456 db followers 49456
2013-03-09 14:57:47,960 DEBUG competitor len 1
2013-03-09 14:58:01,802 DEBUG competitor len 1
2013-03-09 14:58:01,878 DEBUG web followers 49456 db followers 49456
2013-03-09 14:59:02,203 DEBUG competitor len 1
2013-03-09 14:59:02,246 DEBUG web followers 49457 db followers 49456
2013-03-09 14:59:02,246 DEBUG 2171037552's followers increase 1
2013-03-09 14:59:02,285 DEBUG new to follow 3282883667
2013-03-09 15:00:01,762 DEBUG competitor len 1
2013-03-09 15:00:01,799 DEBUG web followers 49457 db followers 49457
2013-03-09 15:01:02,152 DEBUG competitor len 1
2013-03-09 15:01:02,202 DEBUG web followers 49457 db followers 49457
2013-03-09 15:02:01,508 DEBUG competitor len 1
2013-03-09 15:02:01,592 DEBUG web followers 49457 db followers 49457
2013-03-09 15:03:01,899 DEBUG competitor len 1
2013-03-09 15:03:01,951 DEBUG web followers 49457 db followers 49457
2013-03-09 15:04:02,278 DEBUG competitor len 1
2013-03-09 15:04:02,353 DEBUG web followers 49457 db followers 49457
2013-03-09 15:05:01,659 DEBUG competitor len 1
2013-03-09 15:05:01,739 DEBUG web followers 49457 db followers 49457
2013-03-09 15:06:02,047 DEBUG competitor len 1
2013-03-09 15:06:02,125 DEBUG web followers 49457 db followers 49457
2013-03-09 15:07:01,450 DEBUG competitor len 1
2013-03-09 15:07:01,492 DEBUG web followers 49457 db followers 49457
2013-03-09 15:08:01,801 DEBUG competitor len 1
2013-03-09 15:08:01,840 DEBUG web followers 49457 db followers 49457
2013-03-09 15:09:02,146 DEBUG competitor len 1
2013-03-09 15:09:02,206 DEBUG web followers 49457 db followers 49457
2013-03-09 15:10:01,527 DEBUG competitor len 1
2013-03-09 15:10:01,577 DEBUG web followers 49458 db followers 49457
2013-03-09 15:10:01,577 DEBUG 2171037552's followers increase 1
2013-03-09 15:10:01,630 DEBUG new to follow 2295272072
2013-03-09 15:11:02,108 DEBUG competitor len 1
2013-03-09 15:11:02,188 DEBUG web followers 49458 db followers 49458
2013-03-09 15:12:01,495 DEBUG competitor len 1
2013-03-09 15:12:01,580 DEBUG web followers 49458 db followers 49458
2013-03-09 15:13:01,911 DEBUG competitor len 1
2013-03-09 15:13:01,996 DEBUG web followers 49458 db followers 49458
2013-03-09 15:14:01,308 DEBUG competitor len 1
2013-03-09 15:14:01,360 DEBUG web followers 49458 db followers 49458
2013-03-09 15:15:01,672 DEBUG competitor len 1
2013-03-09 15:15:01,711 DEBUG web followers 49458 db followers 49458
2013-03-09 15:16:02,044 DEBUG competitor len 1
2013-03-09 15:16:02,085 DEBUG web followers 49458 db followers 49458
2013-03-09 15:17:01,411 DEBUG competitor len 1
2013-03-09 15:17:01,453 DEBUG web followers 49458 db followers 49458
2013-03-09 15:18:01,762 DEBUG competitor len 1
2013-03-09 15:18:01,802 DEBUG web followers 49458 db followers 49458
2013-03-09 15:19:02,109 DEBUG competitor len 1
2013-03-09 15:19:02,150 DEBUG web followers 49458 db followers 49458
2013-03-09 15:20:01,497 DEBUG competitor len 1
2013-03-09 15:20:01,545 DEBUG web followers 49458 db followers 49458
2013-03-09 15:21:01,862 DEBUG competitor len 1
2013-03-09 15:21:01,902 DEBUG web followers 49458 db followers 49458
2013-03-09 15:22:02,230 DEBUG competitor len 1
2013-03-09 15:22:02,276 DEBUG web followers 49458 db followers 49458
2013-03-09 15:23:01,585 DEBUG competitor len 1
2013-03-09 15:23:01,744 DEBUG web followers 49458 db followers 49458
2013-03-09 15:24:02,053 DEBUG competitor len 1
2013-03-09 15:24:02,139 DEBUG web followers 49458 db followers 49458
2013-03-09 15:25:01,466 DEBUG competitor len 1
2013-03-09 15:25:01,550 DEBUG web followers 49458 db followers 49458
2013-03-09 15:26:01,858 DEBUG competitor len 1
2013-03-09 15:26:01,936 DEBUG web followers 49458 db followers 49458
2013-03-09 15:27:02,244 DEBUG competitor len 2
2013-03-09 15:27:02,331 DEBUG web followers 49458 db followers 49458
2013-03-09 15:27:02,331 DEBUG web followers 71928 db followers 0
2013-03-09 15:27:02,331 DEBUG 1757304867's followers increase 71928
2013-03-09 15:27:02,405 DEBUG new to follow 1518890071
2013-03-09 15:28:01,754 DEBUG competitor len 2
2013-03-09 15:28:01,851 DEBUG web followers 49458 db followers 49458
2013-03-09 15:28:01,852 DEBUG web followers 71928 db followers 71928
2013-03-09 15:29:02,133 DEBUG competitor len 2
2013-03-09 15:29:02,281 DEBUG web followers 49458 db followers 49458
2013-03-09 15:29:02,281 DEBUG web followers 71928 db followers 71928
2013-03-09 15:30:01,618 DEBUG competitor len 2
2013-03-09 15:30:01,707 DEBUG web followers 49458 db followers 49458
2013-03-09 15:30:01,708 DEBUG web followers 71928 db followers 71928
2013-03-09 15:31:02,024 DEBUG competitor len 2
2013-03-09 15:31:02,111 DEBUG web followers 49458 db followers 49458
2013-03-09 15:31:02,111 DEBUG web followers 71928 db followers 71928
2013-03-09 15:31:21,229 DEBUG competitor len 2
2013-03-09 15:31:21,275 DEBUG web followers 49458 db followers 49458
2013-03-09 15:31:21,275 DEBUG web followers 71928 db followers 71928
2013-03-09 15:32:01,445 DEBUG competitor len 2
2013-03-09 15:32:01,528 DEBUG web followers 49457 db followers 49458
2013-03-09 15:32:01,529 DEBUG web followers 71928 db followers 71928
2013-03-09 15:33:01,846 DEBUG competitor len 2
2013-03-09 15:33:01,928 DEBUG web followers 49457 db followers 49457
2013-03-09 15:33:01,928 DEBUG web followers 71928 db followers 71928
