2013-02-24 03:54:21,354 DEBUG unfollow 1 state 1
2013-02-24 03:54:28,901 DEBUG unfollow 1 state 1
2013-02-24 03:55:33,498 DEBUG unfollow 1 state 1
2013-02-24 03:56:24,870 DEBUG unfollow 1 state 1 2013-02-21 15:24:51
2013-02-24 04:02:59,587 DEBUG unfollow 1 state 1 2013-02-21 15:24:51
2013-02-24 05:03:58,912 DEBUG unfollow 1 state 1 2013-02-21 15:24:51
2013-02-24 05:06:16,420 DEBUG unfollow 1 state 1 2013-02-21 15:24:51
2013-02-24 05:08:11,732 DEBUG unfollow 1 state 1 2013-02-21 15:24:51
2013-02-24 05:08:11,770 DEBUG Traceback (most recent call last):
  File "./Unfollow.py", line 30, in <module>
    if FriendShip.CheckFollow(client, BGApp.dev_uid, op.opUid):
  File "/home/app_bestgames/bestgames/src/com/thebridgestudio/FollowApi/FriendShip.py", line 17, in CheckFollow
    ret = client.get.friendships__show(source_id=uidFrom, target_id=uidTo)
  File "/home/app_bestgames/bestgames/src/com/thebridgestudio/FollowApi/weibo.py", line 143, in wrap
    return _http_call('%s%s.json' % (self.client.api_url, attr.replace('__', '/')), self.method, self.client.access_token, **kw)
  File "/home/app_bestgames/bestgames/src/com/thebridgestudio/FollowApi/weibo.py", line 126, in _http_call
    resp = urllib2.urlopen(req)
  File "/usr/local/lib/python2.7/urllib2.py", line 126, in urlopen
    return _opener.open(url, data, timeout)
  File "/usr/local/lib/python2.7/urllib2.py", line 400, in open
    response = meth(req, response)
  File "/usr/local/lib/python2.7/urllib2.py", line 513, in http_response
    'http', request, response, code, msg, hdrs)
  File "/usr/local/lib/python2.7/urllib2.py", line 438, in error
    return self._call_chain(*args)
  File "/usr/local/lib/python2.7/urllib2.py", line 372, in _call_chain
    result = func(*args)
  File "/usr/local/lib/python2.7/urllib2.py", line 521, in http_error_default
    raise HTTPError(req.get_full_url(), code, msg, hdrs, fp)
HTTPError: HTTP Error 400: Bad Request

2013-02-24 05:08:44,532 DEBUG unfollow 1854961110 state 0 2013-02-22 14:29:02
2013-02-24 05:08:44,576 DEBUG unfollow 1854961110
2013-02-24 05:08:44,721 DEBUG unfollow 1776941031 state 0 2013-02-22 14:30:01
2013-02-24 05:08:44,763 DEBUG unfollow 1776941031
2013-02-24 05:08:44,887 DEBUG unfollow 2779228944 state 0 2013-02-22 15:03:02
2013-02-24 05:08:44,926 DEBUG unfollow 2779228944
2013-02-24 05:08:45,063 DEBUG unfollow 3202234951 state 0 2013-02-22 15:38:01
2013-02-24 05:08:45,102 DEBUG unfollow 3202234951
2013-02-24 05:08:45,246 DEBUG unfollow 2527686050 state 0 2013-02-22 15:39:02
2013-02-24 05:08:45,285 DEBUG unfollow 2527686050
2013-02-24 05:08:45,423 DEBUG unfollow 1913215135 state 0 2013-02-22 15:52:02
2013-02-24 05:08:45,461 DEBUG unfollow 1913215135
2013-02-24 05:08:45,587 DEBUG unfollow 2171669627 state 0 2013-02-22 16:51:01
2013-02-24 05:08:45,622 DEBUG unfollow 2171669627
2013-02-24 05:08:45,751 DEBUG unfollow 1237369193 state 0 2013-02-22 17:29:01
2013-02-24 05:08:45,789 DEBUG unfollow 1237369193
2013-02-24 05:08:45,932 DEBUG unfollow 3180419230 state 0 2013-02-22 18:20:01
2013-02-24 05:08:45,968 DEBUG unfollow 3180419230
2013-02-24 05:08:46,096 DEBUG unfollow 3042294241 state 0 2013-02-22 23:44:01
2013-02-24 05:08:46,138 DEBUG unfollow 3042294241
2013-02-24 05:10:13,745 DEBUG unfollow 1732216127 state 0 2013-02-23 00:15:02
2013-02-24 05:10:13,786 DEBUG unfollow 1732216127
2013-02-24 05:11:13,994 DEBUG unfollow 2356739664 state 0 2013-02-23 01:12:01
2013-02-24 05:11:14,030 DEBUG unfollow 2356739664
2013-02-24 05:12:14,163 DEBUG unfollow 1862431570 state 0 2013-02-23 01:26:02
2013-02-24 05:12:14,199 DEBUG unfollow 1862431570
2013-02-24 05:13:14,399 DEBUG unfollow 3200307832 state 0 2013-02-23 03:14:02
2013-02-24 05:13:14,436 DEBUG unfollow 3200307832
2013-02-24 05:14:14,592 DEBUG unfollow 2589716847 state 0 2013-02-23 03:18:01
2013-02-24 05:14:14,659 DEBUG unfollow 2589716847
2013-02-24 05:15:14,810 DEBUG unfollow 2699474710 state 0 2013-02-23 03:53:01
2013-02-24 05:15:14,845 DEBUG unfollow 2699474710
2013-02-24 05:16:15,029 DEBUG unfollow 1367606892 state 0 2013-02-23 04:05:02
2013-02-24 05:16:15,067 DEBUG unfollow 1367606892
2013-02-24 05:17:15,261 DEBUG unfollow 2319928370 state 0 2013-02-23 04:12:02
2013-02-24 05:17:15,299 DEBUG unfollow 2319928370
2013-02-24 05:18:15,429 DEBUG unfollow 1957306485 state 0 2013-02-23 04:15:02
2013-02-24 05:18:15,466 DEBUG unfollow 1957306485
2013-02-24 05:19:15,651 DEBUG unfollow 2002733193 state 0 2013-02-23 04:43:01
2013-02-24 05:19:15,690 DEBUG unfollow 2002733193
2013-02-24 05:20:15,874 DEBUG unfollow 2704577024 state 0 2013-02-23 04:50:01
2013-02-24 05:20:15,910 DEBUG unfollow 2704577024
2013-02-24 05:21:16,215 DEBUG unfollow 1908006613 state 0 2013-02-23 05:15:01
2013-02-24 05:21:16,250 DEBUG unfollow 1908006613
2013-02-24 05:22:16,413 DEBUG unfollow 1904950433 state 0 2013-02-23 06:01:01
2013-02-24 05:22:16,450 DEBUG unfollow 1904950433
2013-02-24 05:23:16,628 DEBUG unfollow 2384538704 state 0 2013-02-23 06:09:02
2013-02-24 05:23:16,675 DEBUG unfollow 2384538704
2013-02-24 05:24:16,860 DEBUG unfollow 1767706427 state 0 2013-02-23 06:10:02
2013-02-24 05:24:16,894 DEBUG unfollow 1767706427
2013-02-24 05:25:17,064 DEBUG unfollow 2141723003 state 0 2013-02-23 06:22:02
2013-02-24 05:25:17,104 DEBUG unfollow 2141723003
2013-02-24 05:26:17,293 DEBUG unfollow 1906866494 state 0 2013-02-23 06:50:01
2013-02-24 05:26:17,331 DEBUG unfollow 1906866494
2013-02-24 05:27:17,519 DEBUG unfollow 2979154900 state 0 2013-02-23 07:25:01
2013-02-24 05:27:17,555 DEBUG unfollow 2979154900
2013-02-24 05:28:17,750 DEBUG unfollow 2164765225 state 0 2013-02-23 08:04:02
2013-02-24 05:28:17,795 DEBUG unfollow 2164765225
2013-02-24 05:29:17,991 DEBUG unfollow 1973140401 state 1 2013-02-23 08:21:01
2013-02-24 05:29:18,030 DEBUG unfollow 1973140401
2013-02-24 05:30:18,226 DEBUG unfollow 1873409723 state 1 2013-02-23 08:32:01
2013-02-24 05:30:18,265 DEBUG unfollow 1873409723
2013-02-24 05:31:18,450 DEBUG unfollow 2237942727 state 1 2013-02-23 08:39:01
2013-02-24 05:31:18,486 DEBUG unfollow 2237942727
2013-02-24 05:32:18,643 DEBUG unfollow 1770206735 state 1 2013-02-23 09:15:01
2013-02-24 05:32:18,678 DEBUG unfollow 1770206735
2013-02-24 05:33:18,865 DEBUG unfollow 3180420280 state 1 2013-02-23 09:27:01
2013-02-24 05:33:18,900 DEBUG unfollow 3180420280
2013-02-24 05:34:19,100 DEBUG unfollow 2278026455 state 1 2013-02-23 09:47:01
2013-02-24 05:34:19,139 DEBUG unfollow 2278026455
2013-02-24 05:35:19,327 DEBUG unfollow 2083936963 state 1 2013-02-23 10:04:02
2013-02-24 05:35:19,365 DEBUG unfollow 2083936963
2013-02-24 05:36:19,551 DEBUG unfollow 2519613715 state 1 2013-02-23 10:06:02
2013-02-24 05:36:19,592 DEBUG unfollow 2519613715
2013-02-24 05:37:19,797 DEBUG unfollow 1854217684 state 1 2013-02-23 10:46:01
2013-02-24 05:37:19,841 DEBUG unfollow 1854217684
2013-02-24 05:38:20,011 DEBUG unfollow 1849092435 state 1 2013-02-23 12:31:02
2013-02-24 05:38:20,045 DEBUG unfollow 1849092435
2013-02-24 05:39:20,183 DEBUG unfollow 1954412995 state 1 2013-02-23 13:02:02
2013-02-24 05:39:20,222 DEBUG unfollow 1954412995
2013-02-24 05:40:20,402 DEBUG unfollow 2020249153 state 1 2013-02-23 13:16:02
2013-02-24 05:40:20,439 DEBUG unfollow 2020249153
2013-02-24 05:41:20,628 DEBUG unfollow 1254627210 state 1 2013-02-23 13:33:01
2013-02-24 05:41:20,665 DEBUG unfollow 1254627210
2013-02-24 05:42:20,849 DEBUG unfollow 2320590382 state 1 2013-02-23 13:35:02
2013-02-24 05:42:20,887 DEBUG unfollow 2320590382
2013-02-24 05:43:21,071 DEBUG unfollow 1402148973 state 1 2013-02-23 13:46:02
2013-02-24 05:43:21,118 DEBUG unfollow 1402148973
2013-02-24 05:44:21,306 DEBUG unfollow 2682274883 state 1 2013-02-23 14:07:02
2013-02-24 05:44:21,344 DEBUG unfollow 2682274883
2013-02-24 05:45:21,535 DEBUG unfollow 1114382571 state 1 2013-02-23 14:14:02
2013-02-24 05:45:21,576 DEBUG unfollow 1114382571
2013-02-24 05:46:21,707 DEBUG unfollow 2108541860 state 1 2013-02-23 14:29:01
2013-02-24 05:46:21,745 DEBUG unfollow 2108541860
2013-02-24 05:47:21,933 DEBUG unfollow 3286923057 state 1 2013-02-23 14:32:01
2013-02-24 05:47:21,971 DEBUG unfollow 3286923057
2013-02-24 05:48:22,155 DEBUG unfollow 1771793037 state 1 2013-02-23 14:53:02
2013-02-24 05:48:22,190 DEBUG unfollow 1771793037
2013-02-24 05:49:22,383 DEBUG unfollow 2982612362 state 1 2013-02-23 15:13:02
2013-02-24 05:49:22,421 DEBUG unfollow 2982612362
2013-02-24 05:50:22,608 DEBUG unfollow 2301602925 state 1 2013-02-23 15:28:01
2013-02-24 05:50:22,643 DEBUG unfollow 2301602925
2013-02-24 05:51:22,811 DEBUG unfollow 1502300821 state 1 2013-02-23 15:28:01
2013-02-24 05:51:22,849 DEBUG unfollow 1502300821
2013-02-24 05:52:23,052 DEBUG unfollow 1886816771 state 1 2013-02-23 15:42:01
2013-02-24 05:52:23,089 DEBUG unfollow 1886816771
2013-02-24 05:53:23,232 DEBUG unfollow 1252083457 state 1 2013-02-23 16:02:02
2013-02-24 05:53:23,267 DEBUG unfollow 1252083457
2013-02-24 05:54:23,469 DEBUG unfollow 1928885267 state 1 2013-02-23 16:30:02
2013-02-24 05:54:23,512 DEBUG unfollow 1928885267
2013-02-24 05:55:23,710 DEBUG unfollow 2678397940 state 1 2013-02-23 16:45:02
2013-02-24 05:55:23,802 DEBUG unfollow 2678397940
2013-02-24 05:56:24,022 DEBUG unfollow 2594418314 state 1 2013-02-23 16:49:01
2013-02-24 05:56:24,067 DEBUG unfollow 2594418314
2013-02-24 05:57:24,240 DEBUG unfollow 1719426725 state 1 2013-02-23 17:59:02
2013-02-24 05:57:24,283 DEBUG unfollow 1719426725
2013-02-24 05:58:24,432 DEBUG unfollow 2237524581 state 1 2013-02-23 19:04:02
2013-02-24 05:58:24,474 DEBUG unfollow 2237524581
2013-02-24 05:59:24,628 DEBUG unfollow 2906783457 state 1 2013-02-23 22:22:01
2013-02-24 05:59:24,669 DEBUG unfollow 2906783457
2013-02-24 06:00:24,854 DEBUG unfollow 1778803624 state 1 2013-02-23 23:02:01
2013-02-24 06:00:24,898 DEBUG unfollow 1778803624
2013-02-24 06:01:25,084 DEBUG unfollow 2647430673 state 1 2013-02-23 23:30:01
2013-02-24 06:01:25,121 DEBUG unfollow 2647430673
2013-02-24 08:10:11,230 DEBUG unfollow 1732216127 state 0 2013-02-23 00:15:02
2013-02-24 08:10:11,277 DEBUG 1732216127 not followed
2013-02-24 22:13:10,097 DEBUG unfollow 1732216127 state 0 2013-02-23 00:15:02
2013-02-24 22:13:10,140 DEBUG 1732216127 not followed
2013-02-24 22:13:48,554 DEBUG unfollow 1 state 1 2013-02-21 15:24:51
2013-02-24 22:13:48,594 DEBUG Traceback (most recent call last):
  File "./Unfollow.py", line 30, in <module>
    if FriendShip.CheckFollow(client, BGApp.dev_uid, op.opUid):
  File "/home/app_bestgames/bestgames/src/com/thebridgestudio/FollowApi/FriendShip.py", line 17, in CheckFollow
    ret = client.get.friendships__show(source_id=uidFrom, target_id=uidTo)
  File "/home/app_bestgames/bestgames/src/com/thebridgestudio/FollowApi/weibo.py", line 143, in wrap
    return _http_call('%s%s.json' % (self.client.api_url, attr.replace('__', '/')), self.method, self.client.access_token, **kw)
  File "/home/app_bestgames/bestgames/src/com/thebridgestudio/FollowApi/weibo.py", line 126, in _http_call
    resp = urllib2.urlopen(req)
  File "/usr/local/lib/python2.7/urllib2.py", line 126, in urlopen
    return _opener.open(url, data, timeout)
  File "/usr/local/lib/python2.7/urllib2.py", line 400, in open
    response = meth(req, response)
  File "/usr/local/lib/python2.7/urllib2.py", line 513, in http_response
    'http', request, response, code, msg, hdrs)
  File "/usr/local/lib/python2.7/urllib2.py", line 438, in error
    return self._call_chain(*args)
  File "/usr/local/lib/python2.7/urllib2.py", line 372, in _call_chain
    result = func(*args)
  File "/usr/local/lib/python2.7/urllib2.py", line 521, in http_error_default
    raise HTTPError(req.get_full_url(), code, msg, hdrs, fp)
HTTPError: HTTP Error 400: Bad Request

